<?xml version="1.0" encoding="UTF-8"?>
<testsuite name="tourGuide.TestPerformance" tests="1" skipped="0" failures="0" errors="0" timestamp="2021-11-29T17:02:24" hostname="DESKTOP-960AEJP" time="8.511">
  <properties/>
  <testcase name="highVolumeTrackLocation" classname="tourGuide.TestPerformance" time="8.511"/>
  <system-out><![CDATA[18:02:24.520 [Test worker] INFO tourGuide.service.TourGuideService - TestMode enabled
18:02:24.520 [Test worker] DEBUG tourGuide.service.TourGuideService - Initializing users
18:02:24.677 [Test worker] DEBUG tourGuide.service.TourGuideService - Created 100 internal test users.
18:02:24.677 [Test worker] DEBUG tourGuide.service.TourGuideService - Finished initializing users
18:02:24.677 [pool-1-thread-1] DEBUG tourGuide.tracker.Tracker - Begin Tracker. Tracking 100 users.
highVolumeTrackLocation: Time Elapsed: 8 seconds.
]]></system-out>
  <system-err><![CDATA[Nov 29, 2021 6:02:24 PM org.javamoney.moneta.DefaultMonetaryContextFactory createMonetaryContextNonNullConfig
INFO: Using custom MathContext: precision=256, roundingMode=HALF_EVEN
]]></system-err>
</testsuite>
